<?xml version="1.0" encoding="UTF-8"?>
<testng-results ignored="0" total="2" passed="2" failed="0" skipped="0">
  <reporter-output>
  </reporter-output>
  <suite started-at="2023-03-10T20:39:49 IST" name="Suite" finished-at="2023-03-10T20:40:13 IST" duration-ms="23226">
    <groups>
    </groups>
    <test started-at="2023-03-10T20:39:49 IST" name="Test" finished-at="2023-03-10T20:40:13 IST" duration-ms="23226">
      <class name="Test.LoginIntoAcc">
        <test-method is-config="true" signature="initializeDriver(java.lang.String)[pri:0, instance:Test.LoginIntoAcc@60dce7ea]" started-at="2023-03-10T20:39:46 IST" name="initializeDriver" finished-at="2023-03-10T20:39:49 IST" duration-ms="3931" status="PASS">
          <params>
            <param index="0">
              <value>
                <![CDATA[https://www.demoblaze.com/]]>
              </value>
            </param>
          </params>
          <reporter-output>
          </reporter-output>
        </test-method> <!-- initializeDriver -->
        <test-method signature="verifyLoginfuntionality()[pri:0, instance:Test.LoginIntoAcc@60dce7ea]" started-at="2023-03-10T20:39:50 IST" name="verifyLoginfuntionality" finished-at="2023-03-10T20:39:57 IST" duration-ms="7265" status="PASS">
          <reporter-output>
          </reporter-output>
        </test-method> <!-- verifyLoginfuntionality -->
        <test-method signature="verifyProduct()[pri:1, instance:Test.LoginIntoAcc@60dce7ea]" started-at="2023-03-10T20:39:57 IST" name="verifyProduct" finished-at="2023-03-10T20:40:10 IST" duration-ms="13200" status="PASS">
          <reporter-output>
          </reporter-output>
        </test-method> <!-- verifyProduct -->
        <test-method is-config="true" signature="Closebrowser()[pri:0, instance:Test.LoginIntoAcc@60dce7ea]" started-at="2023-03-10T20:40:12 IST" name="Closebrowser" finished-at="2023-03-10T20:40:13 IST" duration-ms="658" status="PASS">
          <reporter-output>
          </reporter-output>
        </test-method> <!-- Closebrowser -->
      </class> <!-- Test.LoginIntoAcc -->
    </test> <!-- Test -->
  </suite> <!-- Suite -->
</testng-results>
