<?xml version="1.0" encoding="UTF-8"?>
<testng-results ignored="0" total="1" passed="1" failed="0" skipped="0">
  <reporter-output>
  </reporter-output>
  <suite started-at="2023-03-09T14:23:12 IST" name="Suite" finished-at="2023-03-09T14:23:16 IST" duration-ms="3933">
    <groups>
    </groups>
    <test started-at="2023-03-09T14:23:12 IST" name="Test" finished-at="2023-03-09T14:23:16 IST" duration-ms="3933">
      <class name="Test.LoginIntoAcc">
        <test-method is-config="true" signature="initializeDriver()[pri:0, instance:Test.LoginIntoAcc@1a942c18]" started-at="2023-03-09T14:23:06 IST" name="initializeDriver" finished-at="2023-03-09T14:23:12 IST" duration-ms="6614" status="PASS">
          <reporter-output>
          </reporter-output>
        </test-method> <!-- initializeDriver -->
        <test-method signature="LoginIntoAccount()[pri:0, instance:Test.LoginIntoAcc@1a942c18]" started-at="2023-03-09T14:23:13 IST" name="LoginIntoAccount" finished-at="2023-03-09T14:23:16 IST" duration-ms="3844" status="PASS">
          <reporter-output>
          </reporter-output>
        </test-method> <!-- LoginIntoAccount -->
      </class> <!-- Test.LoginIntoAcc -->
    </test> <!-- Test -->
  </suite> <!-- Suite -->
</testng-results>
